2023-03-14 22:10:28.536 - sdk-generator - INFO  --- [restartedMain] com.saidake.generator.GeneratorApp - The following 1 profile is active: "dev"
2023-03-14 22:10:29.283 - sdk-generator - ERROR --- [restartedMain] org.springframework.boot.SpringApplication - Application run failed
java.lang.TypeNotPresentException: Type javax.servlet.http.HttpServletRequest not present
	at java.base/sun.reflect.generics.factory.CoreReflectionFactory.makeNamedType(CoreReflectionFactory.java:117)
	at java.base/sun.reflect.generics.visitor.Reifier.visitClassTypeSignature(Reifier.java:125)
	at java.base/sun.reflect.generics.tree.ClassTypeSignature.accept(ClassTypeSignature.java:49)
	at java.base/sun.reflect.generics.visitor.Reifier.reifyTypeArguments(Reifier.java:68)
	at java.base/sun.reflect.generics.visitor.Reifier.visitClassTypeSignature(Reifier.java:138)
	at java.base/sun.reflect.generics.tree.ClassTypeSignature.accept(ClassTypeSignature.java:49)
	at java.base/sun.reflect.generics.repository.ClassRepository.computeSuperInterfaces(ClassRepository.java:117)
	at java.base/sun.reflect.generics.repository.ClassRepository.getSuperInterfaces(ClassRepository.java:95)
	at java.base/java.lang.Class.getGenericInterfaces(Class.java:1211)
	at org.springframework.core.ResolvableType.getInterfaces(ResolvableType.java:500)
	at org.springframework.core.ResolvableType.as(ResolvableType.java:448)
	at org.springframework.core.ResolvableType.forClass(ResolvableType.java:1048)
	at org.springframework.plugin.core.config.PluginRegistriesBeanDefinitionRegistrar.getTargetType(PluginRegistriesBeanDefinitionRegistrar.java:101)
	at org.springframework.plugin.core.config.PluginRegistriesBeanDefinitionRegistrar.registerBeanDefinitions(PluginRegistriesBeanDefinitionRegistrar.java:71)
	at org.springframework.context.annotation.ImportBeanDefinitionRegistrar.registerBeanDefinitions(ImportBeanDefinitionRegistrar.java:86)
	at org.springframework.context.annotation.ConfigurationClassBeanDefinitionReader.lambda$loadBeanDefinitionsFromRegistrars$1(ConfigurationClassBeanDefinitionReader.java:373)
	at java.base/java.util.LinkedHashMap.forEach(LinkedHashMap.java:721)
	at org.springframework.context.annotation.ConfigurationClassBeanDefinitionReader.loadBeanDefinitionsFromRegistrars(ConfigurationClassBeanDefinitionReader.java:372)
	at org.springframework.context.annotation.ConfigurationClassBeanDefinitionReader.loadBeanDefinitionsForConfigurationClass(ConfigurationClassBeanDefinitionReader.java:148)
	at org.springframework.context.annotation.ConfigurationClassBeanDefinitionReader.loadBeanDefinitions(ConfigurationClassBeanDefinitionReader.java:120)
	at org.springframework.context.annotation.ConfigurationClassPostProcessor.processConfigBeanDefinitions(ConfigurationClassPostProcessor.java:409)
	at org.springframework.context.annotation.ConfigurationClassPostProcessor.postProcessBeanDefinitionRegistry(ConfigurationClassPostProcessor.java:283)
	at org.springframework.context.support.PostProcessorRegistrationDelegate.invokeBeanDefinitionRegistryPostProcessors(PostProcessorRegistrationDelegate.java:344)
	at org.springframework.context.support.PostProcessorRegistrationDelegate.invokeBeanFactoryPostProcessors(PostProcessorRegistrationDelegate.java:115)
	at org.springframework.context.support.AbstractApplicationContext.invokeBeanFactoryPostProcessors(AbstractApplicationContext.java:745)
	at org.springframework.context.support.AbstractApplicationContext.refresh(AbstractApplicationContext.java:565)
	at org.springframework.boot.web.servlet.context.ServletWebServerApplicationContext.refresh(ServletWebServerApplicationContext.java:146)
	at org.springframework.boot.SpringApplication.refresh(SpringApplication.java:730)
	at org.springframework.boot.SpringApplication.refreshContext(SpringApplication.java:432)
	at org.springframework.boot.SpringApplication.run(SpringApplication.java:308)
	at org.springframework.boot.SpringApplication.run(SpringApplication.java:1302)
	at org.springframework.boot.SpringApplication.run(SpringApplication.java:1291)
	at com.saidake.generator.GeneratorApp.main(GeneratorApp.java:15)
	at java.base/jdk.internal.reflect.NativeMethodAccessorImpl.invoke0(Native Method)
	at java.base/jdk.internal.reflect.NativeMethodAccessorImpl.invoke(NativeMethodAccessorImpl.java:77)
	at java.base/jdk.internal.reflect.DelegatingMethodAccessorImpl.invoke(DelegatingMethodAccessorImpl.java:43)
	at java.base/java.lang.reflect.Method.invoke(Method.java:568)
	at org.springframework.boot.devtools.restart.RestartLauncher.run(RestartLauncher.java:49)
Caused by: java.lang.ClassNotFoundException: javax.servlet.http.HttpServletRequest
	at java.base/jdk.internal.loader.BuiltinClassLoader.loadClass(BuiltinClassLoader.java:641)
	at java.base/jdk.internal.loader.ClassLoaders$AppClassLoader.loadClass(ClassLoaders.java:188)
	at java.base/java.lang.ClassLoader.loadClass(ClassLoader.java:520)
	at java.base/java.lang.Class.forName0(Native Method)
	at java.base/java.lang.Class.forName(Class.java:467)
	at java.base/sun.reflect.generics.factory.CoreReflectionFactory.makeNamedType(CoreReflectionFactory.java:114)
	... 37 common frames omitted
2023-03-14 22:12:30.119 - sdk-generator - INFO  --- [restartedMain] com.saidake.generator.GeneratorApp - The following 1 profile is active: "dev"
2023-03-14 22:12:31.019 - sdk-generator - INFO  --- [restartedMain] o.s.d.r.config.RepositoryConfigurationDelegate - Multiple Spring Data modules found, entering strict repository configuration mode
2023-03-14 22:12:31.022 - sdk-generator - INFO  --- [restartedMain] o.s.d.r.config.RepositoryConfigurationDelegate - Bootstrapping Spring Data Redis repositories in DEFAULT mode.
2023-03-14 22:12:31.040 - sdk-generator - INFO  --- [restartedMain] o.s.d.r.config.RepositoryConfigurationDelegate - Finished Spring Data repository scanning in 7 ms. Found 0 Redis repository interfaces.
2023-03-14 22:12:31.318 - sdk-generator - INFO  --- [restartedMain] o.springframework.cloud.context.scope.GenericScope - BeanFactory id=976d59a3-37af-3043-8cbb-e097c9978e03
2023-03-14 22:12:31.362 - sdk-generator - WARN  --- [restartedMain] o.s.core.LocalVariableTableParameterNameDiscoverer - Using deprecated '-debug' fallback for parameter name resolution. Compile the affected code with '-parameters' instead or avoid its introspection: org.mybatis.spring.mapper.MapperFactoryBean
2023-03-14 22:12:31.791 - sdk-generator - INFO  --- [restartedMain] o.s.boot.web.embedded.tomcat.TomcatWebServer - Tomcat initialized with port(s): 48123 (http)
2023-03-14 22:12:31.798 - sdk-generator - INFO  --- [restartedMain] org.apache.coyote.http11.Http11NioProtocol - Initializing ProtocolHandler ["http-nio-48123"]
2023-03-14 22:12:31.799 - sdk-generator - INFO  --- [restartedMain] org.apache.catalina.core.StandardService - Starting service [Tomcat]
2023-03-14 22:12:31.799 - sdk-generator - INFO  --- [restartedMain] org.apache.catalina.core.StandardEngine - Starting Servlet engine: [Apache Tomcat/10.1.1]
2023-03-14 22:12:31.872 - sdk-generator - INFO  --- [restartedMain] o.a.c.core.ContainerBase.[Tomcat].[localhost].[/] - Initializing Spring embedded WebApplicationContext
2023-03-14 22:12:31.873 - sdk-generator - INFO  --- [restartedMain] o.s.b.w.s.c.ServletWebServerApplicationContext - Root WebApplicationContext: initialization completed in 1738 ms
2023-03-14 22:12:33.007 - sdk-generator - INFO  --- [restartedMain] o.s.b.actuate.endpoint.web.EndpointLinksResolver - Exposing 1 endpoint(s) beneath base path '/actuator'
2023-03-14 22:12:33.127 - sdk-generator - INFO  --- [restartedMain] o.s.b.d.autoconfigure.OptionalLiveReloadServer - LiveReload server is running on port 35729
2023-03-14 22:12:33.963 - sdk-generator - INFO  --- [restartedMain] o.s.c.n.e.c.DiscoveryClientOptionalArgsConfiguration - Eureka HTTP Client uses RestTemplate.
2023-03-14 22:12:33.993 - sdk-generator - WARN  --- [restartedMain] o.s.c.l.c.LoadBalancerCacheAutoConfiguration$LoadBalancerCaffeineWarnLogger - Spring Cloud LoadBalancer is currently working with the default cache. While this cache implementation is useful for development and tests, it's recommended to use Caffeine cache in production.You can switch to using Caffeine cache, by adding it and org.springframework.cache.caffeine.CaffeineCacheManager to the classpath.
2023-03-14 22:12:34.022 - sdk-generator - WARN  --- [restartedMain] o.s.b.w.s.c.AnnotationConfigServletWebServerApplicationContext - Exception encountered during context initialization - cancelling refresh attempt: org.springframework.beans.factory.BeanCreationException: Error creating bean with name 'databaseMapper' defined in file [D:\Desktop\DevProject\saidake-manage-project\sdk-service\sdk-generator\target\classes\com\saidake\generator\mybatis\mapper\DatabaseMapper.class]: Property 'sqlSessionFactory' or 'sqlSessionTemplate' are required
2023-03-14 22:12:34.040 - sdk-generator - INFO  --- [restartedMain] org.apache.catalina.core.StandardService - Stopping service [Tomcat]
2023-03-14 22:12:34.054 - sdk-generator - INFO  --- [restartedMain] o.s.b.a.logging.ConditionEvaluationReportLogger - 

Error starting ApplicationContext. To display the condition evaluation report re-run your application with 'debug' enabled.
2023-03-14 22:12:34.074 - sdk-generator - ERROR --- [restartedMain] org.springframework.boot.SpringApplication - Application run failed
org.springframework.beans.factory.BeanCreationException: Error creating bean with name 'databaseMapper' defined in file [D:\Desktop\DevProject\saidake-manage-project\sdk-service\sdk-generator\target\classes\com\saidake\generator\mybatis\mapper\DatabaseMapper.class]: Property 'sqlSessionFactory' or 'sqlSessionTemplate' are required
	at org.springframework.beans.factory.support.AbstractAutowireCapableBeanFactory.initializeBean(AbstractAutowireCapableBeanFactory.java:1751)
	at org.springframework.beans.factory.support.AbstractAutowireCapableBeanFactory.doCreateBean(AbstractAutowireCapableBeanFactory.java:599)
	at org.springframework.beans.factory.support.AbstractAutowireCapableBeanFactory.createBean(AbstractAutowireCapableBeanFactory.java:521)
	at org.springframework.beans.factory.support.AbstractBeanFactory.lambda$doGetBean$0(AbstractBeanFactory.java:326)
	at org.springframework.beans.factory.support.DefaultSingletonBeanRegistry.getSingleton(DefaultSingletonBeanRegistry.java:234)
	at org.springframework.beans.factory.support.AbstractBeanFactory.doGetBean(AbstractBeanFactory.java:324)
	at org.springframework.beans.factory.support.AbstractBeanFactory.getBean(AbstractBeanFactory.java:200)
	at org.springframework.beans.factory.support.DefaultListableBeanFactory.preInstantiateSingletons(DefaultListableBeanFactory.java:955)
	at org.springframework.context.support.AbstractApplicationContext.finishBeanFactoryInitialization(AbstractApplicationContext.java:915)
	at org.springframework.context.support.AbstractApplicationContext.refresh(AbstractApplicationContext.java:584)
	at org.springframework.boot.web.servlet.context.ServletWebServerApplicationContext.refresh(ServletWebServerApplicationContext.java:146)
	at org.springframework.boot.SpringApplication.refresh(SpringApplication.java:730)
	at org.springframework.boot.SpringApplication.refreshContext(SpringApplication.java:432)
	at org.springframework.boot.SpringApplication.run(SpringApplication.java:308)
	at org.springframework.boot.SpringApplication.run(SpringApplication.java:1302)
	at org.springframework.boot.SpringApplication.run(SpringApplication.java:1291)
	at com.saidake.generator.GeneratorApp.main(GeneratorApp.java:15)
	at java.base/jdk.internal.reflect.NativeMethodAccessorImpl.invoke0(Native Method)
	at java.base/jdk.internal.reflect.NativeMethodAccessorImpl.invoke(NativeMethodAccessorImpl.java:77)
	at java.base/jdk.internal.reflect.DelegatingMethodAccessorImpl.invoke(DelegatingMethodAccessorImpl.java:43)
	at java.base/java.lang.reflect.Method.invoke(Method.java:568)
	at org.springframework.boot.devtools.restart.RestartLauncher.run(RestartLauncher.java:49)
Caused by: java.lang.IllegalArgumentException: Property 'sqlSessionFactory' or 'sqlSessionTemplate' are required
	at org.springframework.util.Assert.notNull(Assert.java:204)
	at org.mybatis.spring.support.SqlSessionDaoSupport.checkDaoConfig(SqlSessionDaoSupport.java:122)
	at org.mybatis.spring.mapper.MapperFactoryBean.checkDaoConfig(MapperFactoryBean.java:73)
	at org.springframework.dao.support.DaoSupport.afterPropertiesSet(DaoSupport.java:44)
	at org.springframework.beans.factory.support.AbstractAutowireCapableBeanFactory.invokeInitMethods(AbstractAutowireCapableBeanFactory.java:1797)
	at org.springframework.beans.factory.support.AbstractAutowireCapableBeanFactory.initializeBean(AbstractAutowireCapableBeanFactory.java:1747)
	... 21 common frames omitted
2023-03-14 22:16:32.539 - sdk-generator - INFO  --- [restartedMain] com.saidake.generator.GeneratorApp - The following 1 profile is active: "dev"
2023-03-14 22:16:33.425 - sdk-generator - INFO  --- [restartedMain] o.s.d.r.config.RepositoryConfigurationDelegate - Multiple Spring Data modules found, entering strict repository configuration mode
2023-03-14 22:16:33.428 - sdk-generator - INFO  --- [restartedMain] o.s.d.r.config.RepositoryConfigurationDelegate - Bootstrapping Spring Data Redis repositories in DEFAULT mode.
2023-03-14 22:16:33.445 - sdk-generator - INFO  --- [restartedMain] o.s.d.r.config.RepositoryConfigurationDelegate - Finished Spring Data repository scanning in 5 ms. Found 0 Redis repository interfaces.
2023-03-14 22:16:33.678 - sdk-generator - INFO  --- [restartedMain] o.springframework.cloud.context.scope.GenericScope - BeanFactory id=976d59a3-37af-3043-8cbb-e097c9978e03
2023-03-14 22:16:33.722 - sdk-generator - WARN  --- [restartedMain] o.s.core.LocalVariableTableParameterNameDiscoverer - Using deprecated '-debug' fallback for parameter name resolution. Compile the affected code with '-parameters' instead or avoid its introspection: org.mybatis.spring.mapper.MapperFactoryBean
2023-03-14 22:16:34.135 - sdk-generator - INFO  --- [restartedMain] o.s.boot.web.embedded.tomcat.TomcatWebServer - Tomcat initialized with port(s): 48123 (http)
2023-03-14 22:16:34.142 - sdk-generator - INFO  --- [restartedMain] org.apache.coyote.http11.Http11NioProtocol - Initializing ProtocolHandler ["http-nio-48123"]
2023-03-14 22:16:34.143 - sdk-generator - INFO  --- [restartedMain] org.apache.catalina.core.StandardService - Starting service [Tomcat]
2023-03-14 22:16:34.143 - sdk-generator - INFO  --- [restartedMain] org.apache.catalina.core.StandardEngine - Starting Servlet engine: [Apache Tomcat/10.1.1]
2023-03-14 22:16:34.209 - sdk-generator - INFO  --- [restartedMain] o.a.c.core.ContainerBase.[Tomcat].[localhost].[/] - Initializing Spring embedded WebApplicationContext
2023-03-14 22:16:34.209 - sdk-generator - INFO  --- [restartedMain] o.s.b.w.s.c.ServletWebServerApplicationContext - Root WebApplicationContext: initialization completed in 1656 ms
2023-03-14 22:16:35.301 - sdk-generator - INFO  --- [restartedMain] o.s.b.actuate.endpoint.web.EndpointLinksResolver - Exposing 1 endpoint(s) beneath base path '/actuator'
2023-03-14 22:16:35.419 - sdk-generator - INFO  --- [restartedMain] o.s.b.d.autoconfigure.OptionalLiveReloadServer - LiveReload server is running on port 35729
2023-03-14 22:16:36.243 - sdk-generator - INFO  --- [restartedMain] o.s.c.n.e.c.DiscoveryClientOptionalArgsConfiguration - Eureka HTTP Client uses RestTemplate.
2023-03-14 22:16:36.271 - sdk-generator - WARN  --- [restartedMain] o.s.c.l.c.LoadBalancerCacheAutoConfiguration$LoadBalancerCaffeineWarnLogger - Spring Cloud LoadBalancer is currently working with the default cache. While this cache implementation is useful for development and tests, it's recommended to use Caffeine cache in production.You can switch to using Caffeine cache, by adding it and org.springframework.cache.caffeine.CaffeineCacheManager to the classpath.
2023-03-14 22:16:36.287 - sdk-generator - WARN  --- [restartedMain] o.s.b.w.s.c.AnnotationConfigServletWebServerApplicationContext - Exception encountered during context initialization - cancelling refresh attempt: org.springframework.beans.factory.BeanCreationException: Error creating bean with name 'databaseMapper' defined in file [D:\Desktop\DevProject\saidake-manage-project\sdk-service\sdk-generator\target\classes\com\saidake\generator\mybatis\mapper\DatabaseMapper.class]: Property 'sqlSessionFactory' or 'sqlSessionTemplate' are required
2023-03-14 22:16:36.314 - sdk-generator - INFO  --- [restartedMain] org.apache.catalina.core.StandardService - Stopping service [Tomcat]
2023-03-14 22:16:36.328 - sdk-generator - INFO  --- [restartedMain] o.s.b.a.logging.ConditionEvaluationReportLogger - 

Error starting ApplicationContext. To display the condition evaluation report re-run your application with 'debug' enabled.
2023-03-14 22:16:36.347 - sdk-generator - ERROR --- [restartedMain] org.springframework.boot.SpringApplication - Application run failed
org.springframework.beans.factory.BeanCreationException: Error creating bean with name 'databaseMapper' defined in file [D:\Desktop\DevProject\saidake-manage-project\sdk-service\sdk-generator\target\classes\com\saidake\generator\mybatis\mapper\DatabaseMapper.class]: Property 'sqlSessionFactory' or 'sqlSessionTemplate' are required
	at org.springframework.beans.factory.support.AbstractAutowireCapableBeanFactory.initializeBean(AbstractAutowireCapableBeanFactory.java:1751)
	at org.springframework.beans.factory.support.AbstractAutowireCapableBeanFactory.doCreateBean(AbstractAutowireCapableBeanFactory.java:599)
	at org.springframework.beans.factory.support.AbstractAutowireCapableBeanFactory.createBean(AbstractAutowireCapableBeanFactory.java:521)
	at org.springframework.beans.factory.support.AbstractBeanFactory.lambda$doGetBean$0(AbstractBeanFactory.java:326)
	at org.springframework.beans.factory.support.DefaultSingletonBeanRegistry.getSingleton(DefaultSingletonBeanRegistry.java:234)
	at org.springframework.beans.factory.support.AbstractBeanFactory.doGetBean(AbstractBeanFactory.java:324)
	at org.springframework.beans.factory.support.AbstractBeanFactory.getBean(AbstractBeanFactory.java:200)
	at org.springframework.beans.factory.support.DefaultListableBeanFactory.preInstantiateSingletons(DefaultListableBeanFactory.java:955)
	at org.springframework.context.support.AbstractApplicationContext.finishBeanFactoryInitialization(AbstractApplicationContext.java:915)
	at org.springframework.context.support.AbstractApplicationContext.refresh(AbstractApplicationContext.java:584)
	at org.springframework.boot.web.servlet.context.ServletWebServerApplicationContext.refresh(ServletWebServerApplicationContext.java:146)
	at org.springframework.boot.SpringApplication.refresh(SpringApplication.java:730)
	at org.springframework.boot.SpringApplication.refreshContext(SpringApplication.java:432)
	at org.springframework.boot.SpringApplication.run(SpringApplication.java:308)
	at org.springframework.boot.SpringApplication.run(SpringApplication.java:1302)
	at org.springframework.boot.SpringApplication.run(SpringApplication.java:1291)
	at com.saidake.generator.GeneratorApp.main(GeneratorApp.java:15)
	at java.base/jdk.internal.reflect.NativeMethodAccessorImpl.invoke0(Native Method)
	at java.base/jdk.internal.reflect.NativeMethodAccessorImpl.invoke(NativeMethodAccessorImpl.java:77)
	at java.base/jdk.internal.reflect.DelegatingMethodAccessorImpl.invoke(DelegatingMethodAccessorImpl.java:43)
	at java.base/java.lang.reflect.Method.invoke(Method.java:568)
	at org.springframework.boot.devtools.restart.RestartLauncher.run(RestartLauncher.java:49)
Caused by: java.lang.IllegalArgumentException: Property 'sqlSessionFactory' or 'sqlSessionTemplate' are required
	at org.springframework.util.Assert.notNull(Assert.java:204)
	at org.mybatis.spring.support.SqlSessionDaoSupport.checkDaoConfig(SqlSessionDaoSupport.java:122)
	at org.mybatis.spring.mapper.MapperFactoryBean.checkDaoConfig(MapperFactoryBean.java:73)
	at org.springframework.dao.support.DaoSupport.afterPropertiesSet(DaoSupport.java:44)
	at org.springframework.beans.factory.support.AbstractAutowireCapableBeanFactory.invokeInitMethods(AbstractAutowireCapableBeanFactory.java:1797)
	at org.springframework.beans.factory.support.AbstractAutowireCapableBeanFactory.initializeBean(AbstractAutowireCapableBeanFactory.java:1747)
	... 21 common frames omitted
2023-03-14 22:16:55.576 - sdk-generator - INFO  --- [restartedMain] com.saidake.generator.GeneratorApp - The following 1 profile is active: "dev"
2023-03-14 22:16:56.489 - sdk-generator - INFO  --- [restartedMain] o.s.d.r.config.RepositoryConfigurationDelegate - Multiple Spring Data modules found, entering strict repository configuration mode
2023-03-14 22:16:56.492 - sdk-generator - INFO  --- [restartedMain] o.s.d.r.config.RepositoryConfigurationDelegate - Bootstrapping Spring Data Redis repositories in DEFAULT mode.
2023-03-14 22:16:56.507 - sdk-generator - INFO  --- [restartedMain] o.s.d.r.config.RepositoryConfigurationDelegate - Finished Spring Data repository scanning in 5 ms. Found 0 Redis repository interfaces.
2023-03-14 22:16:56.737 - sdk-generator - INFO  --- [restartedMain] o.springframework.cloud.context.scope.GenericScope - BeanFactory id=ab27265f-6db6-31cc-a576-934713faceaa
2023-03-14 22:16:57.178 - sdk-generator - INFO  --- [restartedMain] o.s.boot.web.embedded.tomcat.TomcatWebServer - Tomcat initialized with port(s): 48123 (http)
2023-03-14 22:16:57.185 - sdk-generator - INFO  --- [restartedMain] org.apache.coyote.http11.Http11NioProtocol - Initializing ProtocolHandler ["http-nio-48123"]
2023-03-14 22:16:57.185 - sdk-generator - INFO  --- [restartedMain] org.apache.catalina.core.StandardService - Starting service [Tomcat]
2023-03-14 22:16:57.185 - sdk-generator - INFO  --- [restartedMain] org.apache.catalina.core.StandardEngine - Starting Servlet engine: [Apache Tomcat/10.1.1]
2023-03-14 22:16:57.249 - sdk-generator - INFO  --- [restartedMain] o.a.c.core.ContainerBase.[Tomcat].[localhost].[/] - Initializing Spring embedded WebApplicationContext
2023-03-14 22:16:57.249 - sdk-generator - INFO  --- [restartedMain] o.s.b.w.s.c.ServletWebServerApplicationContext - Root WebApplicationContext: initialization completed in 1660 ms
2023-03-14 22:16:58.335 - sdk-generator - INFO  --- [restartedMain] o.s.b.actuate.endpoint.web.EndpointLinksResolver - Exposing 1 endpoint(s) beneath base path '/actuator'
2023-03-14 22:16:58.455 - sdk-generator - INFO  --- [restartedMain] o.s.b.d.autoconfigure.OptionalLiveReloadServer - LiveReload server is running on port 35729
2023-03-14 22:16:59.403 - sdk-generator - INFO  --- [restartedMain] o.s.c.n.e.c.DiscoveryClientOptionalArgsConfiguration - Eureka HTTP Client uses RestTemplate.
2023-03-14 22:16:59.430 - sdk-generator - WARN  --- [restartedMain] o.s.c.l.c.LoadBalancerCacheAutoConfiguration$LoadBalancerCaffeineWarnLogger - Spring Cloud LoadBalancer is currently working with the default cache. While this cache implementation is useful for development and tests, it's recommended to use Caffeine cache in production.You can switch to using Caffeine cache, by adding it and org.springframework.cache.caffeine.CaffeineCacheManager to the classpath.
2023-03-14 22:16:59.473 - sdk-generator - INFO  --- [restartedMain] o.s.cloud.netflix.eureka.InstanceInfoFactory - Setting initial instance status as: STARTING
2023-03-14 22:16:59.512 - sdk-generator - INFO  --- [restartedMain] com.netflix.discovery.DiscoveryClient - Initializing Eureka in region us-east-1
2023-03-14 22:16:59.529 - sdk-generator - INFO  --- [restartedMain] c.n.d.shared.resolver.aws.ConfigClusterResolver - Resolving eureka endpoints via configuration
2023-03-14 22:16:59.552 - sdk-generator - INFO  --- [restartedMain] com.netflix.discovery.DiscoveryClient - Disable delta property : false
2023-03-14 22:16:59.552 - sdk-generator - INFO  --- [restartedMain] com.netflix.discovery.DiscoveryClient - Single vip registry refresh property : null
2023-03-14 22:16:59.552 - sdk-generator - INFO  --- [restartedMain] com.netflix.discovery.DiscoveryClient - Force full registry fetch : false
2023-03-14 22:16:59.552 - sdk-generator - INFO  --- [restartedMain] com.netflix.discovery.DiscoveryClient - Application is null : false
2023-03-14 22:16:59.552 - sdk-generator - INFO  --- [restartedMain] com.netflix.discovery.DiscoveryClient - Registered Applications size is zero : true
2023-03-14 22:16:59.552 - sdk-generator - INFO  --- [restartedMain] com.netflix.discovery.DiscoveryClient - Application version is -1: true
2023-03-14 22:16:59.552 - sdk-generator - INFO  --- [restartedMain] com.netflix.discovery.DiscoveryClient - Getting all instance registry info from the eureka server
2023-03-14 22:16:59.891 - sdk-generator - INFO  --- [restartedMain] com.netflix.discovery.DiscoveryClient - The response status is 200
2023-03-14 22:16:59.894 - sdk-generator - INFO  --- [restartedMain] com.netflix.discovery.DiscoveryClient - Starting heartbeat executor: renew interval is: 30
2023-03-14 22:16:59.898 - sdk-generator - INFO  --- [restartedMain] com.netflix.discovery.InstanceInfoReplicator - InstanceInfoReplicator onDemand update allowed rate per min is 4
2023-03-14 22:16:59.906 - sdk-generator - INFO  --- [restartedMain] com.netflix.discovery.DiscoveryClient - Discovery Client initialized at timestamp 1678803419906 with initial instances count: 0
2023-03-14 22:16:59.908 - sdk-generator - INFO  --- [restartedMain] o.s.c.n.e.serviceregistry.EurekaServiceRegistry - Registering application SDK-GENERATOR with eureka with status UP
2023-03-14 22:16:59.908 - sdk-generator - INFO  --- [restartedMain] com.netflix.discovery.DiscoveryClient - Saw local status change event StatusChangeEvent [timestamp=1678803419908, current=UP, previous=STARTING]
2023-03-14 22:16:59.909 - sdk-generator - INFO  --- [restartedMain] org.apache.coyote.http11.Http11NioProtocol - Starting ProtocolHandler ["http-nio-48123"]
2023-03-14 22:16:59.910 - sdk-generator - INFO  --- [DiscoveryClient-InstanceInfoReplicator-0] com.netflix.discovery.DiscoveryClient - DiscoveryClient_SDK-GENERATOR/windows10.microdone.cn:sdk-generator:48123: registering service...
2023-03-14 22:16:59.924 - sdk-generator - INFO  --- [restartedMain] o.s.boot.web.embedded.tomcat.TomcatWebServer - Tomcat started on port(s): 48123 (http) with context path ''
2023-03-14 22:16:59.925 - sdk-generator - INFO  --- [restartedMain] o.s.c.n.e.s.EurekaAutoServiceRegistration - Updating port to 48123
2023-03-14 22:16:59.985 - sdk-generator - INFO  --- [DiscoveryClient-InstanceInfoReplicator-0] com.netflix.discovery.DiscoveryClient - DiscoveryClient_SDK-GENERATOR/windows10.microdone.cn:sdk-generator:48123 - registration status: 204
2023-03-14 22:17:00.504 - sdk-generator - WARN  --- [restartedMain] o.s.b.w.s.c.AnnotationConfigServletWebServerApplicationContext - Exception encountered during context initialization - cancelling refresh attempt: org.springframework.context.ApplicationContextException: Failed to start bean 'documentationPluginsBootstrapper'
2023-03-14 22:17:00.519 - sdk-generator - INFO  --- [restartedMain] com.netflix.discovery.DiscoveryClient - Shutting down DiscoveryClient ...
2023-03-14 22:17:03.530 - sdk-generator - INFO  --- [restartedMain] com.netflix.discovery.DiscoveryClient - Unregistering ...
2023-03-14 22:17:03.541 - sdk-generator - INFO  --- [restartedMain] com.netflix.discovery.DiscoveryClient - DiscoveryClient_SDK-GENERATOR/windows10.microdone.cn:sdk-generator:48123 - deregister  status: 200
2023-03-14 22:17:03.572 - sdk-generator - INFO  --- [restartedMain] com.netflix.discovery.DiscoveryClient - Completed shut down of DiscoveryClient
2023-03-14 22:17:03.598 - sdk-generator - INFO  --- [restartedMain] org.apache.coyote.http11.Http11NioProtocol - Pausing ProtocolHandler ["http-nio-48123"]
2023-03-14 22:17:03.598 - sdk-generator - INFO  --- [restartedMain] org.apache.catalina.core.StandardService - Stopping service [Tomcat]
2023-03-14 22:17:03.603 - sdk-generator - INFO  --- [restartedMain] org.apache.coyote.http11.Http11NioProtocol - Stopping ProtocolHandler ["http-nio-48123"]
2023-03-14 22:17:03.604 - sdk-generator - INFO  --- [restartedMain] org.apache.coyote.http11.Http11NioProtocol - Destroying ProtocolHandler ["http-nio-48123"]
2023-03-14 22:17:03.613 - sdk-generator - INFO  --- [restartedMain] o.s.b.a.logging.ConditionEvaluationReportLogger - 

Error starting ApplicationContext. To display the condition evaluation report re-run your application with 'debug' enabled.
2023-03-14 22:17:03.636 - sdk-generator - ERROR --- [restartedMain] org.springframework.boot.SpringApplication - Application run failed
org.springframework.context.ApplicationContextException: Failed to start bean 'documentationPluginsBootstrapper'
	at org.springframework.context.support.DefaultLifecycleProcessor.doStart(DefaultLifecycleProcessor.java:181)
	at org.springframework.context.support.DefaultLifecycleProcessor$LifecycleGroup.start(DefaultLifecycleProcessor.java:356)
	at java.base/java.lang.Iterable.forEach(Iterable.java:75)
	at org.springframework.context.support.DefaultLifecycleProcessor.startBeans(DefaultLifecycleProcessor.java:155)
	at org.springframework.context.support.DefaultLifecycleProcessor.onRefresh(DefaultLifecycleProcessor.java:123)
	at org.springframework.context.support.AbstractApplicationContext.finishRefresh(AbstractApplicationContext.java:932)
	at org.springframework.context.support.AbstractApplicationContext.refresh(AbstractApplicationContext.java:587)
	at org.springframework.boot.web.servlet.context.ServletWebServerApplicationContext.refresh(ServletWebServerApplicationContext.java:146)
	at org.springframework.boot.SpringApplication.refresh(SpringApplication.java:730)
	at org.springframework.boot.SpringApplication.refreshContext(SpringApplication.java:432)
	at org.springframework.boot.SpringApplication.run(SpringApplication.java:308)
	at org.springframework.boot.SpringApplication.run(SpringApplication.java:1302)
	at org.springframework.boot.SpringApplication.run(SpringApplication.java:1291)
	at com.saidake.generator.GeneratorApp.main(GeneratorApp.java:15)
	at java.base/jdk.internal.reflect.NativeMethodAccessorImpl.invoke0(Native Method)
	at java.base/jdk.internal.reflect.NativeMethodAccessorImpl.invoke(NativeMethodAccessorImpl.java:77)
	at java.base/jdk.internal.reflect.DelegatingMethodAccessorImpl.invoke(DelegatingMethodAccessorImpl.java:43)
	at java.base/java.lang.reflect.Method.invoke(Method.java:568)
	at org.springframework.boot.devtools.restart.RestartLauncher.run(RestartLauncher.java:49)
Caused by: java.lang.NullPointerException: Cannot invoke "org.springframework.web.servlet.mvc.condition.PatternsRequestCondition.getPatterns()" because "this.condition" is null
	at springfox.documentation.spring.web.WebMvcPatternsRequestConditionWrapper.getPatterns(WebMvcPatternsRequestConditionWrapper.java:56)
	at springfox.documentation.RequestHandler.sortedPaths(RequestHandler.java:113)
	at springfox.documentation.spi.service.contexts.Orderings.lambda$byPatternsCondition$3(Orderings.java:89)
	at java.base/java.util.Comparator.lambda$comparing$77a9974f$1(Comparator.java:473)
	at java.base/java.util.TimSort.countRunAndMakeAscending(TimSort.java:355)
	at java.base/java.util.TimSort.sort(TimSort.java:220)
	at java.base/java.util.Arrays.sort(Arrays.java:1307)
	at java.base/java.util.ArrayList.sort(ArrayList.java:1721)
	at java.base/java.util.stream.SortedOps$RefSortingSink.end(SortedOps.java:392)
	at java.base/java.util.stream.Sink$ChainedReference.end(Sink.java:258)
	at java.base/java.util.stream.Sink$ChainedReference.end(Sink.java:258)
	at java.base/java.util.stream.Sink$ChainedReference.end(Sink.java:258)
	at java.base/java.util.stream.Sink$ChainedReference.end(Sink.java:258)
	at java.base/java.util.stream.AbstractPipeline.copyInto(AbstractPipeline.java:510)
	at java.base/java.util.stream.AbstractPipeline.wrapAndCopyInto(AbstractPipeline.java:499)
	at java.base/java.util.stream.ReduceOps$ReduceOp.evaluateSequential(ReduceOps.java:921)
	at java.base/java.util.stream.AbstractPipeline.evaluate(AbstractPipeline.java:234)
	at java.base/java.util.stream.ReferencePipeline.collect(ReferencePipeline.java:682)
	at springfox.documentation.spring.web.plugins.WebMvcRequestHandlerProvider.requestHandlers(WebMvcRequestHandlerProvider.java:81)
	at java.base/java.util.stream.ReferencePipeline$3$1.accept(ReferencePipeline.java:197)
	at java.base/java.util.ArrayList$ArrayListSpliterator.forEachRemaining(ArrayList.java:1625)
	at java.base/java.util.stream.AbstractPipeline.copyInto(AbstractPipeline.java:509)
	at java.base/java.util.stream.AbstractPipeline.wrapAndCopyInto(AbstractPipeline.java:499)
	at java.base/java.util.stream.ReduceOps$ReduceOp.evaluateSequential(ReduceOps.java:921)
	at java.base/java.util.stream.AbstractPipeline.evaluate(AbstractPipeline.java:234)
	at java.base/java.util.stream.ReferencePipeline.collect(ReferencePipeline.java:682)
	at springfox.documentation.spring.web.plugins.AbstractDocumentationPluginsBootstrapper.withDefaults(AbstractDocumentationPluginsBootstrapper.java:107)
	at springfox.documentation.spring.web.plugins.AbstractDocumentationPluginsBootstrapper.buildContext(AbstractDocumentationPluginsBootstrapper.java:91)
	at springfox.documentation.spring.web.plugins.AbstractDocumentationPluginsBootstrapper.bootstrapDocumentationPlugins(AbstractDocumentationPluginsBootstrapper.java:82)
	at springfox.documentation.spring.web.plugins.DocumentationPluginsBootstrapper.start(DocumentationPluginsBootstrapper.java:100)
	at org.springframework.context.support.DefaultLifecycleProcessor.doStart(DefaultLifecycleProcessor.java:178)
	... 18 common frames omitted
2023-03-14 22:18:10.861 - sdk-generator - INFO  --- [restartedMain] com.saidake.generator.GeneratorApp - The following 1 profile is active: "dev"
2023-03-14 22:18:11.738 - sdk-generator - INFO  --- [restartedMain] o.s.d.r.config.RepositoryConfigurationDelegate - Multiple Spring Data modules found, entering strict repository configuration mode
2023-03-14 22:18:11.740 - sdk-generator - INFO  --- [restartedMain] o.s.d.r.config.RepositoryConfigurationDelegate - Bootstrapping Spring Data Redis repositories in DEFAULT mode.
2023-03-14 22:18:11.755 - sdk-generator - INFO  --- [restartedMain] o.s.d.r.config.RepositoryConfigurationDelegate - Finished Spring Data repository scanning in 5 ms. Found 0 Redis repository interfaces.
2023-03-14 22:18:11.990 - sdk-generator - INFO  --- [restartedMain] o.springframework.cloud.context.scope.GenericScope - BeanFactory id=ab27265f-6db6-31cc-a576-934713faceaa
2023-03-14 22:18:12.437 - sdk-generator - INFO  --- [restartedMain] o.s.boot.web.embedded.tomcat.TomcatWebServer - Tomcat initialized with port(s): 48123 (http)
2023-03-14 22:18:12.443 - sdk-generator - INFO  --- [restartedMain] org.apache.coyote.http11.Http11NioProtocol - Initializing ProtocolHandler ["http-nio-48123"]
2023-03-14 22:18:12.444 - sdk-generator - INFO  --- [restartedMain] org.apache.catalina.core.StandardService - Starting service [Tomcat]
2023-03-14 22:18:12.444 - sdk-generator - INFO  --- [restartedMain] org.apache.catalina.core.StandardEngine - Starting Servlet engine: [Apache Tomcat/10.1.1]
2023-03-14 22:18:12.509 - sdk-generator - INFO  --- [restartedMain] o.a.c.core.ContainerBase.[Tomcat].[localhost].[/] - Initializing Spring embedded WebApplicationContext
2023-03-14 22:18:12.509 - sdk-generator - INFO  --- [restartedMain] o.s.b.w.s.c.ServletWebServerApplicationContext - Root WebApplicationContext: initialization completed in 1635 ms
2023-03-14 22:18:13.594 - sdk-generator - INFO  --- [restartedMain] o.s.b.actuate.endpoint.web.EndpointLinksResolver - Exposing 1 endpoint(s) beneath base path '/actuator'
2023-03-14 22:18:13.711 - sdk-generator - INFO  --- [restartedMain] o.s.b.d.autoconfigure.OptionalLiveReloadServer - LiveReload server is running on port 35729
2023-03-14 22:18:14.638 - sdk-generator - INFO  --- [restartedMain] o.s.c.n.e.c.DiscoveryClientOptionalArgsConfiguration - Eureka HTTP Client uses RestTemplate.
2023-03-14 22:18:14.665 - sdk-generator - WARN  --- [restartedMain] o.s.c.l.c.LoadBalancerCacheAutoConfiguration$LoadBalancerCaffeineWarnLogger - Spring Cloud LoadBalancer is currently working with the default cache. While this cache implementation is useful for development and tests, it's recommended to use Caffeine cache in production.You can switch to using Caffeine cache, by adding it and org.springframework.cache.caffeine.CaffeineCacheManager to the classpath.
2023-03-14 22:18:14.708 - sdk-generator - INFO  --- [restartedMain] o.s.cloud.netflix.eureka.InstanceInfoFactory - Setting initial instance status as: STARTING
2023-03-14 22:18:14.744 - sdk-generator - INFO  --- [restartedMain] com.netflix.discovery.DiscoveryClient - Initializing Eureka in region us-east-1
2023-03-14 22:18:14.749 - sdk-generator - INFO  --- [restartedMain] c.n.d.shared.resolver.aws.ConfigClusterResolver - Resolving eureka endpoints via configuration
2023-03-14 22:18:14.772 - sdk-generator - INFO  --- [restartedMain] com.netflix.discovery.DiscoveryClient - Disable delta property : false
2023-03-14 22:18:14.772 - sdk-generator - INFO  --- [restartedMain] com.netflix.discovery.DiscoveryClient - Single vip registry refresh property : null
2023-03-14 22:18:14.772 - sdk-generator - INFO  --- [restartedMain] com.netflix.discovery.DiscoveryClient - Force full registry fetch : false
2023-03-14 22:18:14.772 - sdk-generator - INFO  --- [restartedMain] com.netflix.discovery.DiscoveryClient - Application is null : false
2023-03-14 22:18:14.772 - sdk-generator - INFO  --- [restartedMain] com.netflix.discovery.DiscoveryClient - Registered Applications size is zero : true
2023-03-14 22:18:14.772 - sdk-generator - INFO  --- [restartedMain] com.netflix.discovery.DiscoveryClient - Application version is -1: true
2023-03-14 22:18:14.772 - sdk-generator - INFO  --- [restartedMain] com.netflix.discovery.DiscoveryClient - Getting all instance registry info from the eureka server
2023-03-14 22:18:15.012 - sdk-generator - INFO  --- [restartedMain] com.netflix.discovery.DiscoveryClient - The response status is 200
2023-03-14 22:18:15.016 - sdk-generator - INFO  --- [restartedMain] com.netflix.discovery.DiscoveryClient - Starting heartbeat executor: renew interval is: 30
2023-03-14 22:18:15.019 - sdk-generator - INFO  --- [restartedMain] com.netflix.discovery.InstanceInfoReplicator - InstanceInfoReplicator onDemand update allowed rate per min is 4
2023-03-14 22:18:15.027 - sdk-generator - INFO  --- [restartedMain] com.netflix.discovery.DiscoveryClient - Discovery Client initialized at timestamp 1678803495027 with initial instances count: 0
2023-03-14 22:18:15.029 - sdk-generator - INFO  --- [restartedMain] o.s.c.n.e.serviceregistry.EurekaServiceRegistry - Registering application SDK-GENERATOR with eureka with status UP
2023-03-14 22:18:15.029 - sdk-generator - INFO  --- [restartedMain] com.netflix.discovery.DiscoveryClient - Saw local status change event StatusChangeEvent [timestamp=1678803495029, current=UP, previous=STARTING]
2023-03-14 22:18:15.030 - sdk-generator - INFO  --- [restartedMain] org.apache.coyote.http11.Http11NioProtocol - Starting ProtocolHandler ["http-nio-48123"]
2023-03-14 22:18:15.030 - sdk-generator - INFO  --- [DiscoveryClient-InstanceInfoReplicator-0] com.netflix.discovery.DiscoveryClient - DiscoveryClient_SDK-GENERATOR/windows10.microdone.cn:sdk-generator:48123: registering service...
2023-03-14 22:18:15.045 - sdk-generator - INFO  --- [restartedMain] o.s.boot.web.embedded.tomcat.TomcatWebServer - Tomcat started on port(s): 48123 (http) with context path ''
2023-03-14 22:18:15.045 - sdk-generator - INFO  --- [restartedMain] o.s.c.n.e.s.EurekaAutoServiceRegistration - Updating port to 48123
2023-03-14 22:18:15.060 - sdk-generator - INFO  --- [DiscoveryClient-InstanceInfoReplicator-0] com.netflix.discovery.DiscoveryClient - DiscoveryClient_SDK-GENERATOR/windows10.microdone.cn:sdk-generator:48123 - registration status: 204
2023-03-14 22:18:15.611 - sdk-generator - WARN  --- [restartedMain] o.s.b.w.s.c.AnnotationConfigServletWebServerApplicationContext - Exception encountered during context initialization - cancelling refresh attempt: org.springframework.context.ApplicationContextException: Failed to start bean 'documentationPluginsBootstrapper'
2023-03-14 22:18:15.627 - sdk-generator - INFO  --- [restartedMain] com.netflix.discovery.DiscoveryClient - Shutting down DiscoveryClient ...
2023-03-14 22:18:18.638 - sdk-generator - INFO  --- [restartedMain] com.netflix.discovery.DiscoveryClient - Unregistering ...
2023-03-14 22:18:18.644 - sdk-generator - INFO  --- [restartedMain] com.netflix.discovery.DiscoveryClient - DiscoveryClient_SDK-GENERATOR/windows10.microdone.cn:sdk-generator:48123 - deregister  status: 200
2023-03-14 22:18:18.677 - sdk-generator - INFO  --- [restartedMain] com.netflix.discovery.DiscoveryClient - Completed shut down of DiscoveryClient
2023-03-14 22:18:18.701 - sdk-generator - INFO  --- [restartedMain] org.apache.coyote.http11.Http11NioProtocol - Pausing ProtocolHandler ["http-nio-48123"]
2023-03-14 22:18:18.702 - sdk-generator - INFO  --- [restartedMain] org.apache.catalina.core.StandardService - Stopping service [Tomcat]
2023-03-14 22:18:18.707 - sdk-generator - INFO  --- [restartedMain] org.apache.coyote.http11.Http11NioProtocol - Stopping ProtocolHandler ["http-nio-48123"]
2023-03-14 22:18:18.708 - sdk-generator - INFO  --- [restartedMain] org.apache.coyote.http11.Http11NioProtocol - Destroying ProtocolHandler ["http-nio-48123"]
2023-03-14 22:18:18.718 - sdk-generator - INFO  --- [restartedMain] o.s.b.a.logging.ConditionEvaluationReportLogger - 

Error starting ApplicationContext. To display the condition evaluation report re-run your application with 'debug' enabled.
2023-03-14 22:18:18.750 - sdk-generator - ERROR --- [restartedMain] org.springframework.boot.SpringApplication - Application run failed
org.springframework.context.ApplicationContextException: Failed to start bean 'documentationPluginsBootstrapper'
	at org.springframework.context.support.DefaultLifecycleProcessor.doStart(DefaultLifecycleProcessor.java:181)
	at org.springframework.context.support.DefaultLifecycleProcessor$LifecycleGroup.start(DefaultLifecycleProcessor.java:356)
	at java.base/java.lang.Iterable.forEach(Iterable.java:75)
	at org.springframework.context.support.DefaultLifecycleProcessor.startBeans(DefaultLifecycleProcessor.java:155)
	at org.springframework.context.support.DefaultLifecycleProcessor.onRefresh(DefaultLifecycleProcessor.java:123)
	at org.springframework.context.support.AbstractApplicationContext.finishRefresh(AbstractApplicationContext.java:932)
	at org.springframework.context.support.AbstractApplicationContext.refresh(AbstractApplicationContext.java:587)
	at org.springframework.boot.web.servlet.context.ServletWebServerApplicationContext.refresh(ServletWebServerApplicationContext.java:146)
	at org.springframework.boot.SpringApplication.refresh(SpringApplication.java:730)
	at org.springframework.boot.SpringApplication.refreshContext(SpringApplication.java:432)
	at org.springframework.boot.SpringApplication.run(SpringApplication.java:308)
	at org.springframework.boot.SpringApplication.run(SpringApplication.java:1302)
	at org.springframework.boot.SpringApplication.run(SpringApplication.java:1291)
	at com.saidake.generator.GeneratorApp.main(GeneratorApp.java:15)
	at java.base/jdk.internal.reflect.NativeMethodAccessorImpl.invoke0(Native Method)
	at java.base/jdk.internal.reflect.NativeMethodAccessorImpl.invoke(NativeMethodAccessorImpl.java:77)
	at java.base/jdk.internal.reflect.DelegatingMethodAccessorImpl.invoke(DelegatingMethodAccessorImpl.java:43)
	at java.base/java.lang.reflect.Method.invoke(Method.java:568)
	at org.springframework.boot.devtools.restart.RestartLauncher.run(RestartLauncher.java:49)
Caused by: java.lang.NullPointerException: Cannot invoke "org.springframework.web.servlet.mvc.condition.PatternsRequestCondition.getPatterns()" because "this.condition" is null
	at springfox.documentation.spring.web.WebMvcPatternsRequestConditionWrapper.getPatterns(WebMvcPatternsRequestConditionWrapper.java:56)
	at springfox.documentation.RequestHandler.sortedPaths(RequestHandler.java:113)
	at springfox.documentation.spi.service.contexts.Orderings.lambda$byPatternsCondition$3(Orderings.java:89)
	at java.base/java.util.Comparator.lambda$comparing$77a9974f$1(Comparator.java:473)
	at java.base/java.util.TimSort.countRunAndMakeAscending(TimSort.java:355)
	at java.base/java.util.TimSort.sort(TimSort.java:220)
	at java.base/java.util.Arrays.sort(Arrays.java:1307)
	at java.base/java.util.ArrayList.sort(ArrayList.java:1721)
	at java.base/java.util.stream.SortedOps$RefSortingSink.end(SortedOps.java:392)
	at java.base/java.util.stream.Sink$ChainedReference.end(Sink.java:258)
	at java.base/java.util.stream.Sink$ChainedReference.end(Sink.java:258)
	at java.base/java.util.stream.Sink$ChainedReference.end(Sink.java:258)
	at java.base/java.util.stream.Sink$ChainedReference.end(Sink.java:258)
	at java.base/java.util.stream.AbstractPipeline.copyInto(AbstractPipeline.java:510)
	at java.base/java.util.stream.AbstractPipeline.wrapAndCopyInto(AbstractPipeline.java:499)
	at java.base/java.util.stream.ReduceOps$ReduceOp.evaluateSequential(ReduceOps.java:921)
	at java.base/java.util.stream.AbstractPipeline.evaluate(AbstractPipeline.java:234)
	at java.base/java.util.stream.ReferencePipeline.collect(ReferencePipeline.java:682)
	at springfox.documentation.spring.web.plugins.WebMvcRequestHandlerProvider.requestHandlers(WebMvcRequestHandlerProvider.java:81)
	at java.base/java.util.stream.ReferencePipeline$3$1.accept(ReferencePipeline.java:197)
	at java.base/java.util.ArrayList$ArrayListSpliterator.forEachRemaining(ArrayList.java:1625)
	at java.base/java.util.stream.AbstractPipeline.copyInto(AbstractPipeline.java:509)
	at java.base/java.util.stream.AbstractPipeline.wrapAndCopyInto(AbstractPipeline.java:499)
	at java.base/java.util.stream.ReduceOps$ReduceOp.evaluateSequential(ReduceOps.java:921)
	at java.base/java.util.stream.AbstractPipeline.evaluate(AbstractPipeline.java:234)
	at java.base/java.util.stream.ReferencePipeline.collect(ReferencePipeline.java:682)
	at springfox.documentation.spring.web.plugins.AbstractDocumentationPluginsBootstrapper.withDefaults(AbstractDocumentationPluginsBootstrapper.java:107)
	at springfox.documentation.spring.web.plugins.AbstractDocumentationPluginsBootstrapper.buildContext(AbstractDocumentationPluginsBootstrapper.java:91)
	at springfox.documentation.spring.web.plugins.AbstractDocumentationPluginsBootstrapper.bootstrapDocumentationPlugins(AbstractDocumentationPluginsBootstrapper.java:82)
	at springfox.documentation.spring.web.plugins.DocumentationPluginsBootstrapper.start(DocumentationPluginsBootstrapper.java:100)
	at org.springframework.context.support.DefaultLifecycleProcessor.doStart(DefaultLifecycleProcessor.java:178)
	... 18 common frames omitted
