2022-05-24 22:56:32.972 - sdk-generator - INFO  --- [main] com.saidake.generator.GeneratorApp - The following profiles are active: bluetooth-app
2022-05-24 22:56:33.583 - sdk-generator - INFO  --- [main] o.s.d.r.config.RepositoryConfigurationDelegate - Multiple Spring Data modules found, entering strict repository configuration mode!
2022-05-24 22:56:33.585 - sdk-generator - INFO  --- [main] o.s.d.r.config.RepositoryConfigurationDelegate - Bootstrapping Spring Data Redis repositories in DEFAULT mode.
2022-05-24 22:56:33.607 - sdk-generator - INFO  --- [main] o.s.d.r.config.RepositoryConfigurationDelegate - Finished Spring Data repository scanning in 8 ms. Found 0 Redis repository interfaces.
2022-05-24 22:56:33.794 - sdk-generator - INFO  --- [main] o.springframework.cloud.context.scope.GenericScope - BeanFactory id=994d7b6e-ae48-30ed-a5b8-3e8ac8bc426a
2022-05-24 22:56:48.031 - sdk-generator - INFO  --- [main] com.saidake.generator.GeneratorApp - The following profiles are active: bluetooth-app
2022-05-24 22:56:48.603 - sdk-generator - INFO  --- [main] o.s.d.r.config.RepositoryConfigurationDelegate - Multiple Spring Data modules found, entering strict repository configuration mode!
2022-05-24 22:56:48.605 - sdk-generator - INFO  --- [main] o.s.d.r.config.RepositoryConfigurationDelegate - Bootstrapping Spring Data Redis repositories in DEFAULT mode.
2022-05-24 22:56:48.624 - sdk-generator - INFO  --- [main] o.s.d.r.config.RepositoryConfigurationDelegate - Finished Spring Data repository scanning in 7 ms. Found 0 Redis repository interfaces.
2022-05-24 22:56:48.792 - sdk-generator - INFO  --- [main] o.springframework.cloud.context.scope.GenericScope - BeanFactory id=994d7b6e-ae48-30ed-a5b8-3e8ac8bc426a
2022-05-24 22:56:49.034 - sdk-generator - INFO  --- [main] o.s.boot.web.embedded.tomcat.TomcatWebServer - Tomcat initialized with port(s): 48123 (http)
2022-05-24 22:56:49.041 - sdk-generator - INFO  --- [main] org.apache.catalina.core.StandardService - Starting service [Tomcat]
2022-05-24 22:56:49.041 - sdk-generator - INFO  --- [main] org.apache.catalina.core.StandardEngine - Starting Servlet engine: [Apache Tomcat/9.0.56]
2022-05-24 22:56:49.122 - sdk-generator - INFO  --- [main] o.a.c.core.ContainerBase.[Tomcat].[localhost].[/] - Initializing Spring embedded WebApplicationContext
2022-05-24 22:56:49.123 - sdk-generator - INFO  --- [main] o.s.b.w.s.c.ServletWebServerApplicationContext - Root WebApplicationContext: initialization completed in 1078 ms
2022-05-24 22:56:51.142 - sdk-generator - INFO  --- [main] org.springframework.cloud.commons.util.InetUtils - Cannot determine local hostname
2022-05-24 22:56:51.581 - sdk-generator - INFO  --- [main] s.d.s.w.PropertySourcedRequestMappingHandlerMapping - Mapped URL path [/v2/api-docs] onto method [springfox.documentation.swagger2.web.Swagger2Controller#getDocumentation(String, HttpServletRequest)]
2022-05-24 22:56:51.587 - sdk-generator - INFO  --- [main] c.saidake.common.swagger2.SwaggerAutoConfiguration - sdk.swagger.enabled start check
2022-05-24 22:56:53.312 - sdk-generator - INFO  --- [main] org.springframework.cloud.commons.util.InetUtils - Cannot determine local hostname
2022-05-24 22:56:53.336 - sdk-generator - WARN  --- [main] o.s.c.l.c.LoadBalancerCacheAutoConfiguration$LoadBalancerCaffeineWarnLogger - Spring Cloud LoadBalancer is currently working with the default cache. You can switch to using Caffeine cache, by adding it and org.springframework.cache.caffeine.CaffeineCacheManager to the classpath.
2022-05-24 22:56:59.599 - sdk-generator - INFO  --- [main] o.s.boot.web.embedded.tomcat.TomcatWebServer - Tomcat started on port(s): 48123 (http) with context path ''
2022-05-24 22:57:05.749 - sdk-generator - ERROR --- [main] c.a.cloud.nacos.registry.NacosServiceRegistry - nacos registry, sdk-generator register failed...NacosRegistration{nacosDiscoveryProperties=NacosDiscoveryProperties{serverAddr='localhost:8848', endpoint='', namespace='', watchDelay=30000, logName='', service='sdk-generator', weight=1.0, clusterName='DEFAULT', group='DEFAULT_GROUP', namingLoadCacheAtStart='false', metadata={preserved.register.source=SPRING_CLOUD}, registerEnabled=true, ip='192.168.22.1', networkInterface='', port=48123, secure=false, accessKey='', secretKey='', heartBeatInterval=null, heartBeatTimeout=null, ipDeleteTimeout=null}},
com.alibaba.nacos.api.exception.NacosException: failed to req API:/nacos/v1/ns/instance after all servers([localhost:8848]) tried: java.net.ConnectException: Connection refused: connect
	at com.alibaba.nacos.client.naming.net.NamingProxy.reqApi(NamingProxy.java:556)
	at com.alibaba.nacos.client.naming.net.NamingProxy.reqApi(NamingProxy.java:498)
	at com.alibaba.nacos.client.naming.net.NamingProxy.reqApi(NamingProxy.java:493)
	at com.alibaba.nacos.client.naming.net.NamingProxy.registerService(NamingProxy.java:246)
	at com.alibaba.nacos.client.naming.NacosNamingService.registerInstance(NacosNamingService.java:212)
	at com.alibaba.cloud.nacos.registry.NacosServiceRegistry.register(NacosServiceRegistry.java:74)
	at org.springframework.cloud.client.serviceregistry.AbstractAutoServiceRegistration.register(AbstractAutoServiceRegistration.java:232)
	at com.alibaba.cloud.nacos.registry.NacosAutoServiceRegistration.register(NacosAutoServiceRegistration.java:78)
	at org.springframework.cloud.client.serviceregistry.AbstractAutoServiceRegistration.start(AbstractAutoServiceRegistration.java:133)
	at org.springframework.cloud.client.serviceregistry.AbstractAutoServiceRegistration.bind(AbstractAutoServiceRegistration.java:98)
	at org.springframework.cloud.client.serviceregistry.AbstractAutoServiceRegistration.onApplicationEvent(AbstractAutoServiceRegistration.java:86)
	at org.springframework.cloud.client.serviceregistry.AbstractAutoServiceRegistration.onApplicationEvent(AbstractAutoServiceRegistration.java:47)
	at org.springframework.context.event.SimpleApplicationEventMulticaster.doInvokeListener(SimpleApplicationEventMulticaster.java:176)
	at org.springframework.context.event.SimpleApplicationEventMulticaster.invokeListener(SimpleApplicationEventMulticaster.java:169)
	at org.springframework.context.event.SimpleApplicationEventMulticaster.multicastEvent(SimpleApplicationEventMulticaster.java:143)
	at org.springframework.context.support.AbstractApplicationContext.publishEvent(AbstractApplicationContext.java:421)
	at org.springframework.context.support.AbstractApplicationContext.publishEvent(AbstractApplicationContext.java:378)
	at org.springframework.boot.web.servlet.context.WebServerStartStopLifecycle.start(WebServerStartStopLifecycle.java:46)
	at org.springframework.context.support.DefaultLifecycleProcessor.doStart(DefaultLifecycleProcessor.java:178)
	at org.springframework.context.support.DefaultLifecycleProcessor.access$200(DefaultLifecycleProcessor.java:54)
	at org.springframework.context.support.DefaultLifecycleProcessor$LifecycleGroup.start(DefaultLifecycleProcessor.java:356)
	at java.lang.Iterable.forEach(Iterable.java:75)
	at org.springframework.context.support.DefaultLifecycleProcessor.startBeans(DefaultLifecycleProcessor.java:155)
	at org.springframework.context.support.DefaultLifecycleProcessor.onRefresh(DefaultLifecycleProcessor.java:123)
	at org.springframework.context.support.AbstractApplicationContext.finishRefresh(AbstractApplicationContext.java:935)
	at org.springframework.context.support.AbstractApplicationContext.refresh(AbstractApplicationContext.java:586)
	at org.springframework.boot.web.servlet.context.ServletWebServerApplicationContext.refresh(ServletWebServerApplicationContext.java:145)
	at org.springframework.boot.SpringApplication.refresh(SpringApplication.java:767)
	at org.springframework.boot.SpringApplication.refreshContext(SpringApplication.java:447)
	at org.springframework.boot.SpringApplication.run(SpringApplication.java:338)
	at org.springframework.boot.SpringApplication.run(SpringApplication.java:1356)
	at org.springframework.boot.SpringApplication.run(SpringApplication.java:1345)
	at com.saidake.generator.GeneratorApp.main(GeneratorApp.java:18)
2022-05-24 22:57:05.749 - sdk-generator - WARN  --- [main] o.s.b.w.s.c.AnnotationConfigServletWebServerApplicationContext - Exception encountered during context initialization - cancelling refresh attempt: org.springframework.context.ApplicationContextException: Failed to start bean 'webServerStartStop'; nested exception is java.lang.reflect.UndeclaredThrowableException
2022-05-24 22:57:15.127 - sdk-generator - INFO  --- [main] org.apache.catalina.core.StandardService - Stopping service [Tomcat]
2022-05-24 22:57:15.137 - sdk-generator - INFO  --- [main] o.s.b.a.l.ConditionEvaluationReportLoggingListener - 

Error starting ApplicationContext. To display the conditions report re-run your application with 'debug' enabled.
2022-05-24 22:57:15.161 - sdk-generator - ERROR --- [main] org.springframework.boot.SpringApplication - Application run failed
org.springframework.context.ApplicationContextException: Failed to start bean 'webServerStartStop'; nested exception is java.lang.reflect.UndeclaredThrowableException
	at org.springframework.context.support.DefaultLifecycleProcessor.doStart(DefaultLifecycleProcessor.java:181)
	at org.springframework.context.support.DefaultLifecycleProcessor.access$200(DefaultLifecycleProcessor.java:54)
	at org.springframework.context.support.DefaultLifecycleProcessor$LifecycleGroup.start(DefaultLifecycleProcessor.java:356)
	at java.lang.Iterable.forEach(Iterable.java:75)
	at org.springframework.context.support.DefaultLifecycleProcessor.startBeans(DefaultLifecycleProcessor.java:155)
	at org.springframework.context.support.DefaultLifecycleProcessor.onRefresh(DefaultLifecycleProcessor.java:123)
	at org.springframework.context.support.AbstractApplicationContext.finishRefresh(AbstractApplicationContext.java:935)
	at org.springframework.context.support.AbstractApplicationContext.refresh(AbstractApplicationContext.java:586)
	at org.springframework.boot.web.servlet.context.ServletWebServerApplicationContext.refresh(ServletWebServerApplicationContext.java:145)
	at org.springframework.boot.SpringApplication.refresh(SpringApplication.java:767)
	at org.springframework.boot.SpringApplication.refreshContext(SpringApplication.java:447)
	at org.springframework.boot.SpringApplication.run(SpringApplication.java:338)
	at org.springframework.boot.SpringApplication.run(SpringApplication.java:1356)
	at org.springframework.boot.SpringApplication.run(SpringApplication.java:1345)
	at com.saidake.generator.GeneratorApp.main(GeneratorApp.java:18)
Caused by: java.lang.reflect.UndeclaredThrowableException: null
	at org.springframework.util.ReflectionUtils.rethrowRuntimeException(ReflectionUtils.java:147)
	at com.alibaba.cloud.nacos.registry.NacosServiceRegistry.register(NacosServiceRegistry.java:83)
	at org.springframework.cloud.client.serviceregistry.AbstractAutoServiceRegistration.register(AbstractAutoServiceRegistration.java:232)
	at com.alibaba.cloud.nacos.registry.NacosAutoServiceRegistration.register(NacosAutoServiceRegistration.java:78)
	at org.springframework.cloud.client.serviceregistry.AbstractAutoServiceRegistration.start(AbstractAutoServiceRegistration.java:133)
	at org.springframework.cloud.client.serviceregistry.AbstractAutoServiceRegistration.bind(AbstractAutoServiceRegistration.java:98)
	at org.springframework.cloud.client.serviceregistry.AbstractAutoServiceRegistration.onApplicationEvent(AbstractAutoServiceRegistration.java:86)
	at org.springframework.cloud.client.serviceregistry.AbstractAutoServiceRegistration.onApplicationEvent(AbstractAutoServiceRegistration.java:47)
	at org.springframework.context.event.SimpleApplicationEventMulticaster.doInvokeListener(SimpleApplicationEventMulticaster.java:176)
	at org.springframework.context.event.SimpleApplicationEventMulticaster.invokeListener(SimpleApplicationEventMulticaster.java:169)
	at org.springframework.context.event.SimpleApplicationEventMulticaster.multicastEvent(SimpleApplicationEventMulticaster.java:143)
	at org.springframework.context.support.AbstractApplicationContext.publishEvent(AbstractApplicationContext.java:421)
	at org.springframework.context.support.AbstractApplicationContext.publishEvent(AbstractApplicationContext.java:378)
	at org.springframework.boot.web.servlet.context.WebServerStartStopLifecycle.start(WebServerStartStopLifecycle.java:46)
	at org.springframework.context.support.DefaultLifecycleProcessor.doStart(DefaultLifecycleProcessor.java:178)
	... 14 common frames omitted
Caused by: com.alibaba.nacos.api.exception.NacosException: failed to req API:/nacos/v1/ns/instance after all servers([localhost:8848]) tried: java.net.ConnectException: Connection refused: connect
	at com.alibaba.nacos.client.naming.net.NamingProxy.reqApi(NamingProxy.java:556)
	at com.alibaba.nacos.client.naming.net.NamingProxy.reqApi(NamingProxy.java:498)
	at com.alibaba.nacos.client.naming.net.NamingProxy.reqApi(NamingProxy.java:493)
	at com.alibaba.nacos.client.naming.net.NamingProxy.registerService(NamingProxy.java:246)
	at com.alibaba.nacos.client.naming.NacosNamingService.registerInstance(NacosNamingService.java:212)
	at com.alibaba.cloud.nacos.registry.NacosServiceRegistry.register(NacosServiceRegistry.java:74)
	... 27 common frames omitted
2022-05-24 22:59:19.811 - sdk-generator - INFO  --- [main] com.saidake.generator.GeneratorApp - The following profiles are active: bluetooth-app
2022-05-24 22:59:20.350 - sdk-generator - INFO  --- [main] o.s.d.r.config.RepositoryConfigurationDelegate - Multiple Spring Data modules found, entering strict repository configuration mode!
2022-05-24 22:59:20.352 - sdk-generator - INFO  --- [main] o.s.d.r.config.RepositoryConfigurationDelegate - Bootstrapping Spring Data Redis repositories in DEFAULT mode.
2022-05-24 22:59:20.370 - sdk-generator - INFO  --- [main] o.s.d.r.config.RepositoryConfigurationDelegate - Finished Spring Data repository scanning in 7 ms. Found 0 Redis repository interfaces.
2022-05-24 22:59:20.539 - sdk-generator - INFO  --- [main] o.springframework.cloud.context.scope.GenericScope - BeanFactory id=994d7b6e-ae48-30ed-a5b8-3e8ac8bc426a
2022-05-24 22:59:20.764 - sdk-generator - INFO  --- [main] o.s.boot.web.embedded.tomcat.TomcatWebServer - Tomcat initialized with port(s): 48123 (http)
2022-05-24 22:59:20.770 - sdk-generator - INFO  --- [main] org.apache.catalina.core.StandardService - Starting service [Tomcat]
2022-05-24 22:59:20.770 - sdk-generator - INFO  --- [main] org.apache.catalina.core.StandardEngine - Starting Servlet engine: [Apache Tomcat/9.0.56]
2022-05-24 22:59:20.848 - sdk-generator - INFO  --- [main] o.a.c.core.ContainerBase.[Tomcat].[localhost].[/] - Initializing Spring embedded WebApplicationContext
2022-05-24 22:59:20.848 - sdk-generator - INFO  --- [main] o.s.b.w.s.c.ServletWebServerApplicationContext - Root WebApplicationContext: initialization completed in 1023 ms
2022-05-24 22:59:22.812 - sdk-generator - INFO  --- [main] org.springframework.cloud.commons.util.InetUtils - Cannot determine local hostname
2022-05-24 22:59:23.271 - sdk-generator - INFO  --- [main] s.d.s.w.PropertySourcedRequestMappingHandlerMapping - Mapped URL path [/v2/api-docs] onto method [springfox.documentation.swagger2.web.Swagger2Controller#getDocumentation(String, HttpServletRequest)]
2022-05-24 22:59:23.276 - sdk-generator - INFO  --- [main] c.saidake.common.swagger2.SwaggerAutoConfiguration - sdk.swagger.enabled start check
2022-05-24 22:59:25.103 - sdk-generator - INFO  --- [main] org.springframework.cloud.commons.util.InetUtils - Cannot determine local hostname
2022-05-24 22:59:25.131 - sdk-generator - WARN  --- [main] o.s.c.l.c.LoadBalancerCacheAutoConfiguration$LoadBalancerCaffeineWarnLogger - Spring Cloud LoadBalancer is currently working with the default cache. You can switch to using Caffeine cache, by adding it and org.springframework.cache.caffeine.CaffeineCacheManager to the classpath.
2022-05-24 22:59:26.963 - sdk-generator - INFO  --- [main] o.s.boot.web.embedded.tomcat.TomcatWebServer - Tomcat started on port(s): 48123 (http) with context path ''
2022-05-24 22:59:26.977 - sdk-generator - INFO  --- [main] c.a.cloud.nacos.registry.NacosServiceRegistry - nacos registry, DEFAULT_GROUP sdk-generator 192.168.22.1:48123 register finished
2022-05-24 22:59:28.397 - sdk-generator - INFO  --- [main] org.springframework.cloud.commons.util.InetUtils - Cannot determine local hostname
2022-05-24 22:59:28.397 - sdk-generator - INFO  --- [main] s.d.s.web.plugins.DocumentationPluginsBootstrapper - Context refreshed
2022-05-24 22:59:28.415 - sdk-generator - INFO  --- [main] s.d.s.web.plugins.DocumentationPluginsBootstrapper - Found 1 custom documentation plugin(s)
2022-05-24 22:59:28.443 - sdk-generator - INFO  --- [main] s.d.spring.web.scanners.ApiListingReferenceScanner - Scanning for api listing references
2022-05-24 22:59:28.514 - sdk-generator - INFO  --- [main] com.saidake.generator.GeneratorApp - Started GeneratorApp in 12.264 seconds (JVM running for 13.044)
2022-05-24 22:59:28.520 - sdk-generator - INFO  --- [main] c.s.g.service.generator.impl.GeneratorServiceImpl - 写入service文件成功: D:\Desktop\DevProject\bluetooth-app\src\main\java\com\saidake\service\TUserShareService.java
2022-05-24 22:59:28.521 - sdk-generator - INFO  --- [main] c.s.g.service.generator.impl.GeneratorServiceImpl - 写入serviceImpl文件成功: D:\Desktop\DevProject\bluetooth-app\src\main\java\com\saidake\service\impl\TUserShareServiceImpl.java
2022-05-24 22:59:28.522 - sdk-generator - INFO  --- [main] c.s.g.service.generator.impl.GeneratorServiceImpl - 写入controller文件成功: D:\Desktop\DevProject\bluetooth-app\src\main\java\com\saidake\controller\TUserShareController.java
2022-05-24 22:59:28.524 - sdk-generator - INFO  --- [main] c.s.g.service.generator.impl.GeneratorServiceImpl - 写入特殊服务dto文件成功: D:\Desktop\DevProject\bluetooth-app\src\main\java\com\saidake\model\request\tUserShare\TUserShareLoginRequest.java
2022-05-24 22:59:28.524 - sdk-generator - INFO  --- [main] c.s.g.service.generator.impl.GeneratorServiceImpl - 写入特殊服务dto文件成功: D:\Desktop\DevProject\bluetooth-app\src\main\java\com\saidake\model\request\tUserShare\TUserShareCancelAccountRequest.java
2022-05-24 22:59:28.525 - sdk-generator - INFO  --- [main] c.s.g.service.generator.impl.GeneratorServiceImpl - 创建新文件成功: D:\Desktop\DevProject\bluetooth-app\src\main\java\com\saidake\model\request\tUserShare\TUserShareCancelAccountTestRequest.java
2022-05-24 22:59:28.525 - sdk-generator - INFO  --- [main] c.s.g.service.generator.impl.GeneratorServiceImpl - 写入特殊服务dto文件成功: D:\Desktop\DevProject\bluetooth-app\src\main\java\com\saidake\model\request\tUserShare\TUserShareCancelAccountTestRequest.java
2022-05-24 23:06:31.622 - sdk-generator - INFO  --- [main] com.saidake.generator.GeneratorApp - The following profiles are active: bluetooth-app
2022-05-24 23:06:32.181 - sdk-generator - INFO  --- [main] o.s.d.r.config.RepositoryConfigurationDelegate - Multiple Spring Data modules found, entering strict repository configuration mode!
2022-05-24 23:06:32.183 - sdk-generator - INFO  --- [main] o.s.d.r.config.RepositoryConfigurationDelegate - Bootstrapping Spring Data Redis repositories in DEFAULT mode.
2022-05-24 23:06:32.203 - sdk-generator - INFO  --- [main] o.s.d.r.config.RepositoryConfigurationDelegate - Finished Spring Data repository scanning in 7 ms. Found 0 Redis repository interfaces.
2022-05-24 23:06:32.380 - sdk-generator - INFO  --- [main] o.springframework.cloud.context.scope.GenericScope - BeanFactory id=994d7b6e-ae48-30ed-a5b8-3e8ac8bc426a
2022-05-24 23:06:32.620 - sdk-generator - INFO  --- [main] o.s.boot.web.embedded.tomcat.TomcatWebServer - Tomcat initialized with port(s): 48123 (http)
2022-05-24 23:06:32.626 - sdk-generator - INFO  --- [main] org.apache.catalina.core.StandardService - Starting service [Tomcat]
2022-05-24 23:06:32.626 - sdk-generator - INFO  --- [main] org.apache.catalina.core.StandardEngine - Starting Servlet engine: [Apache Tomcat/9.0.56]
2022-05-24 23:06:32.702 - sdk-generator - INFO  --- [main] o.a.c.core.ContainerBase.[Tomcat].[localhost].[/] - Initializing Spring embedded WebApplicationContext
2022-05-24 23:06:32.702 - sdk-generator - INFO  --- [main] o.s.b.w.s.c.ServletWebServerApplicationContext - Root WebApplicationContext: initialization completed in 1065 ms
2022-05-24 23:06:34.675 - sdk-generator - INFO  --- [main] org.springframework.cloud.commons.util.InetUtils - Cannot determine local hostname
2022-05-24 23:06:35.091 - sdk-generator - INFO  --- [main] s.d.s.w.PropertySourcedRequestMappingHandlerMapping - Mapped URL path [/v2/api-docs] onto method [springfox.documentation.swagger2.web.Swagger2Controller#getDocumentation(String, HttpServletRequest)]
2022-05-24 23:06:35.097 - sdk-generator - INFO  --- [main] c.saidake.common.swagger2.SwaggerAutoConfiguration - sdk.swagger.enabled start check
2022-05-24 23:06:36.806 - sdk-generator - INFO  --- [main] org.springframework.cloud.commons.util.InetUtils - Cannot determine local hostname
2022-05-24 23:06:36.831 - sdk-generator - WARN  --- [main] o.s.c.l.c.LoadBalancerCacheAutoConfiguration$LoadBalancerCaffeineWarnLogger - Spring Cloud LoadBalancer is currently working with the default cache. You can switch to using Caffeine cache, by adding it and org.springframework.cache.caffeine.CaffeineCacheManager to the classpath.
2022-05-24 23:06:37.002 - sdk-generator - INFO  --- [main] o.s.boot.web.embedded.tomcat.TomcatWebServer - Tomcat started on port(s): 48123 (http) with context path ''
2022-05-24 23:06:37.012 - sdk-generator - INFO  --- [main] c.a.cloud.nacos.registry.NacosServiceRegistry - nacos registry, DEFAULT_GROUP sdk-generator 192.168.22.1:48123 register finished
2022-05-24 23:06:38.429 - sdk-generator - INFO  --- [main] org.springframework.cloud.commons.util.InetUtils - Cannot determine local hostname
2022-05-24 23:06:38.429 - sdk-generator - INFO  --- [main] s.d.s.web.plugins.DocumentationPluginsBootstrapper - Context refreshed
2022-05-24 23:06:38.445 - sdk-generator - INFO  --- [main] s.d.s.web.plugins.DocumentationPluginsBootstrapper - Found 1 custom documentation plugin(s)
2022-05-24 23:06:38.469 - sdk-generator - INFO  --- [main] s.d.spring.web.scanners.ApiListingReferenceScanner - Scanning for api listing references
2022-05-24 23:06:38.539 - sdk-generator - INFO  --- [main] com.saidake.generator.GeneratorApp - Started GeneratorApp in 10.612 seconds (JVM running for 11.61)
2022-05-24 23:06:38.544 - sdk-generator - INFO  --- [main] c.s.g.service.generator.impl.GeneratorServiceImpl - 写入service文件成功: D:\Desktop\DevProject\bluetooth-app\src\main\java\com\saidake\service\TUserShareService.java
2022-05-24 23:06:38.545 - sdk-generator - INFO  --- [main] c.s.g.service.generator.impl.GeneratorServiceImpl - 写入serviceImpl文件成功: D:\Desktop\DevProject\bluetooth-app\src\main\java\com\saidake\service\impl\TUserShareServiceImpl.java
2022-05-24 23:06:38.546 - sdk-generator - INFO  --- [main] c.s.g.service.generator.impl.GeneratorServiceImpl - 写入controller文件成功: D:\Desktop\DevProject\bluetooth-app\src\main\java\com\saidake\controller\TUserShareController.java
2022-05-24 23:06:38.547 - sdk-generator - INFO  --- [main] c.s.g.service.generator.impl.GeneratorServiceImpl - 创建新文件成功: D:\Desktop\DevProject\bluetooth-app\src\main\java\com\saidake\model\request\tUserShare\TUserShareLoginRequest.java
2022-05-24 23:06:38.548 - sdk-generator - INFO  --- [main] c.s.g.service.generator.impl.GeneratorServiceImpl - 写入特殊服务dto文件成功: D:\Desktop\DevProject\bluetooth-app\src\main\java\com\saidake\model\request\tUserShare\TUserShareLoginRequest.java
2022-05-24 23:06:38.548 - sdk-generator - INFO  --- [main] c.s.g.service.generator.impl.GeneratorServiceImpl - 创建新文件成功: D:\Desktop\DevProject\bluetooth-app\src\main\java\com\saidake\model\request\tUserShare\TUserShareCancelAccountRequest.java
2022-05-24 23:06:38.548 - sdk-generator - INFO  --- [main] c.s.g.service.generator.impl.GeneratorServiceImpl - 写入特殊服务dto文件成功: D:\Desktop\DevProject\bluetooth-app\src\main\java\com\saidake\model\request\tUserShare\TUserShareCancelAccountRequest.java
2022-05-24 23:06:38.549 - sdk-generator - INFO  --- [main] c.s.g.service.generator.impl.GeneratorServiceImpl - 创建新文件成功: D:\Desktop\DevProject\bluetooth-app\src\main\java\com\saidake\model\request\tUserShare\TUserShareCancelAccountTestRequest.java
2022-05-24 23:06:38.549 - sdk-generator - INFO  --- [main] c.s.g.service.generator.impl.GeneratorServiceImpl - 写入特殊服务dto文件成功: D:\Desktop\DevProject\bluetooth-app\src\main\java\com\saidake\model\request\tUserShare\TUserShareCancelAccountTestRequest.java
2022-05-24 23:08:51.963 - sdk-generator - INFO  --- [main] com.saidake.generator.GeneratorApp - The following profiles are active: bluetooth-app
2022-05-24 23:08:52.517 - sdk-generator - INFO  --- [main] o.s.d.r.config.RepositoryConfigurationDelegate - Multiple Spring Data modules found, entering strict repository configuration mode!
2022-05-24 23:08:52.519 - sdk-generator - INFO  --- [main] o.s.d.r.config.RepositoryConfigurationDelegate - Bootstrapping Spring Data Redis repositories in DEFAULT mode.
2022-05-24 23:08:52.537 - sdk-generator - INFO  --- [main] o.s.d.r.config.RepositoryConfigurationDelegate - Finished Spring Data repository scanning in 7 ms. Found 0 Redis repository interfaces.
2022-05-24 23:08:52.707 - sdk-generator - INFO  --- [main] o.springframework.cloud.context.scope.GenericScope - BeanFactory id=994d7b6e-ae48-30ed-a5b8-3e8ac8bc426a
2022-05-24 23:08:52.932 - sdk-generator - INFO  --- [main] o.s.boot.web.embedded.tomcat.TomcatWebServer - Tomcat initialized with port(s): 48123 (http)
2022-05-24 23:08:52.938 - sdk-generator - INFO  --- [main] org.apache.catalina.core.StandardService - Starting service [Tomcat]
2022-05-24 23:08:52.938 - sdk-generator - INFO  --- [main] org.apache.catalina.core.StandardEngine - Starting Servlet engine: [Apache Tomcat/9.0.56]
2022-05-24 23:08:53.014 - sdk-generator - INFO  --- [main] o.a.c.core.ContainerBase.[Tomcat].[localhost].[/] - Initializing Spring embedded WebApplicationContext
2022-05-24 23:08:53.014 - sdk-generator - INFO  --- [main] o.s.b.w.s.c.ServletWebServerApplicationContext - Root WebApplicationContext: initialization completed in 1036 ms
2022-05-24 23:08:54.981 - sdk-generator - INFO  --- [main] org.springframework.cloud.commons.util.InetUtils - Cannot determine local hostname
2022-05-24 23:08:55.400 - sdk-generator - INFO  --- [main] s.d.s.w.PropertySourcedRequestMappingHandlerMapping - Mapped URL path [/v2/api-docs] onto method [springfox.documentation.swagger2.web.Swagger2Controller#getDocumentation(String, HttpServletRequest)]
2022-05-24 23:08:55.405 - sdk-generator - INFO  --- [main] c.saidake.common.swagger2.SwaggerAutoConfiguration - sdk.swagger.enabled start check
2022-05-24 23:08:57.108 - sdk-generator - INFO  --- [main] org.springframework.cloud.commons.util.InetUtils - Cannot determine local hostname
2022-05-24 23:08:57.131 - sdk-generator - WARN  --- [main] o.s.c.l.c.LoadBalancerCacheAutoConfiguration$LoadBalancerCaffeineWarnLogger - Spring Cloud LoadBalancer is currently working with the default cache. You can switch to using Caffeine cache, by adding it and org.springframework.cache.caffeine.CaffeineCacheManager to the classpath.
2022-05-24 23:08:57.290 - sdk-generator - INFO  --- [main] o.s.boot.web.embedded.tomcat.TomcatWebServer - Tomcat started on port(s): 48123 (http) with context path ''
2022-05-24 23:08:57.300 - sdk-generator - INFO  --- [main] c.a.cloud.nacos.registry.NacosServiceRegistry - nacos registry, DEFAULT_GROUP sdk-generator 192.168.22.1:48123 register finished
2022-05-24 23:08:58.706 - sdk-generator - INFO  --- [main] org.springframework.cloud.commons.util.InetUtils - Cannot determine local hostname
2022-05-24 23:08:58.706 - sdk-generator - INFO  --- [main] s.d.s.web.plugins.DocumentationPluginsBootstrapper - Context refreshed
2022-05-24 23:08:58.721 - sdk-generator - INFO  --- [main] s.d.s.web.plugins.DocumentationPluginsBootstrapper - Found 1 custom documentation plugin(s)
2022-05-24 23:08:58.746 - sdk-generator - INFO  --- [main] s.d.spring.web.scanners.ApiListingReferenceScanner - Scanning for api listing references
2022-05-24 23:08:58.810 - sdk-generator - INFO  --- [main] com.saidake.generator.GeneratorApp - Started GeneratorApp in 10.469 seconds (JVM running for 11.489)
2022-05-24 23:08:58.815 - sdk-generator - INFO  --- [main] c.s.g.service.generator.impl.GeneratorServiceImpl - 写入service文件成功: D:\Desktop\DevProject\bluetooth-app\src\main\java\com\saidake\service\TUserShareService.java
2022-05-24 23:08:58.815 - sdk-generator - INFO  --- [main] c.s.g.service.generator.impl.GeneratorServiceImpl - 写入serviceImpl文件成功: D:\Desktop\DevProject\bluetooth-app\src\main\java\com\saidake\service\impl\TUserShareServiceImpl.java
2022-05-24 23:08:58.816 - sdk-generator - INFO  --- [main] c.s.g.service.generator.impl.GeneratorServiceImpl - 写入controller文件成功: D:\Desktop\DevProject\bluetooth-app\src\main\java\com\saidake\controller\TUserShareController.java
2022-05-24 23:08:58.818 - sdk-generator - INFO  --- [main] c.s.g.service.generator.impl.GeneratorServiceImpl - 写入特殊服务dto文件成功: D:\Desktop\DevProject\bluetooth-app\src\main\java\com\saidake\model\request\tUserShare\TUserShareLoginRequest.java
2022-05-24 23:08:58.819 - sdk-generator - INFO  --- [main] c.s.g.service.generator.impl.GeneratorServiceImpl - 写入特殊服务dto文件成功: D:\Desktop\DevProject\bluetooth-app\src\main\java\com\saidake\model\request\tUserShare\TUserShareCancelAccountRequest.java
2022-05-24 23:08:58.819 - sdk-generator - INFO  --- [main] c.s.g.service.generator.impl.GeneratorServiceImpl - 写入特殊服务dto文件成功: D:\Desktop\DevProject\bluetooth-app\src\main\java\com\saidake\model\request\tUserShare\TUserShareCancelAccountTestRequest.java
2022-05-24 23:56:15.408 - sdk-generator - INFO  --- [main] com.saidake.generator.GeneratorApp - The following profiles are active: bluetooth-app
2022-05-24 23:56:15.952 - sdk-generator - INFO  --- [main] o.s.d.r.config.RepositoryConfigurationDelegate - Multiple Spring Data modules found, entering strict repository configuration mode!
2022-05-24 23:56:15.954 - sdk-generator - INFO  --- [main] o.s.d.r.config.RepositoryConfigurationDelegate - Bootstrapping Spring Data Redis repositories in DEFAULT mode.
2022-05-24 23:56:15.972 - sdk-generator - INFO  --- [main] o.s.d.r.config.RepositoryConfigurationDelegate - Finished Spring Data repository scanning in 7 ms. Found 0 Redis repository interfaces.
2022-05-24 23:56:16.143 - sdk-generator - INFO  --- [main] o.springframework.cloud.context.scope.GenericScope - BeanFactory id=994d7b6e-ae48-30ed-a5b8-3e8ac8bc426a
2022-05-24 23:56:16.372 - sdk-generator - INFO  --- [main] o.s.boot.web.embedded.tomcat.TomcatWebServer - Tomcat initialized with port(s): 48123 (http)
2022-05-24 23:56:16.378 - sdk-generator - INFO  --- [main] org.apache.catalina.core.StandardService - Starting service [Tomcat]
2022-05-24 23:56:16.378 - sdk-generator - INFO  --- [main] org.apache.catalina.core.StandardEngine - Starting Servlet engine: [Apache Tomcat/9.0.56]
2022-05-24 23:56:16.453 - sdk-generator - INFO  --- [main] o.a.c.core.ContainerBase.[Tomcat].[localhost].[/] - Initializing Spring embedded WebApplicationContext
2022-05-24 23:56:16.453 - sdk-generator - INFO  --- [main] o.s.b.w.s.c.ServletWebServerApplicationContext - Root WebApplicationContext: initialization completed in 1030 ms
2022-05-24 23:56:18.432 - sdk-generator - INFO  --- [main] org.springframework.cloud.commons.util.InetUtils - Cannot determine local hostname
2022-05-24 23:56:18.855 - sdk-generator - INFO  --- [main] s.d.s.w.PropertySourcedRequestMappingHandlerMapping - Mapped URL path [/v2/api-docs] onto method [springfox.documentation.swagger2.web.Swagger2Controller#getDocumentation(String, HttpServletRequest)]
2022-05-24 23:56:18.861 - sdk-generator - INFO  --- [main] c.saidake.common.swagger2.SwaggerAutoConfiguration - sdk.swagger.enabled start check
2022-05-24 23:56:20.548 - sdk-generator - INFO  --- [main] org.springframework.cloud.commons.util.InetUtils - Cannot determine local hostname
2022-05-24 23:56:20.572 - sdk-generator - WARN  --- [main] o.s.c.l.c.LoadBalancerCacheAutoConfiguration$LoadBalancerCaffeineWarnLogger - Spring Cloud LoadBalancer is currently working with the default cache. You can switch to using Caffeine cache, by adding it and org.springframework.cache.caffeine.CaffeineCacheManager to the classpath.
2022-05-24 23:56:20.743 - sdk-generator - INFO  --- [main] o.s.boot.web.embedded.tomcat.TomcatWebServer - Tomcat started on port(s): 48123 (http) with context path ''
2022-05-24 23:56:20.750 - sdk-generator - INFO  --- [main] c.a.cloud.nacos.registry.NacosServiceRegistry - nacos registry, DEFAULT_GROUP sdk-generator 192.168.22.1:48123 register finished
2022-05-24 23:56:22.159 - sdk-generator - INFO  --- [main] org.springframework.cloud.commons.util.InetUtils - Cannot determine local hostname
2022-05-24 23:56:22.159 - sdk-generator - INFO  --- [main] s.d.s.web.plugins.DocumentationPluginsBootstrapper - Context refreshed
2022-05-24 23:56:22.174 - sdk-generator - INFO  --- [main] s.d.s.web.plugins.DocumentationPluginsBootstrapper - Found 1 custom documentation plugin(s)
2022-05-24 23:56:22.199 - sdk-generator - INFO  --- [main] s.d.spring.web.scanners.ApiListingReferenceScanner - Scanning for api listing references
2022-05-24 23:56:22.274 - sdk-generator - INFO  --- [main] com.saidake.generator.GeneratorApp - Started GeneratorApp in 10.495 seconds (JVM running for 11.298)
2022-05-24 23:57:26.829 - sdk-generator - INFO  --- [main] com.saidake.generator.GeneratorApp - The following profiles are active: bluetooth-app
2022-05-24 23:57:27.376 - sdk-generator - INFO  --- [main] o.s.d.r.config.RepositoryConfigurationDelegate - Multiple Spring Data modules found, entering strict repository configuration mode!
2022-05-24 23:57:27.378 - sdk-generator - INFO  --- [main] o.s.d.r.config.RepositoryConfigurationDelegate - Bootstrapping Spring Data Redis repositories in DEFAULT mode.
2022-05-24 23:57:27.396 - sdk-generator - INFO  --- [main] o.s.d.r.config.RepositoryConfigurationDelegate - Finished Spring Data repository scanning in 7 ms. Found 0 Redis repository interfaces.
2022-05-24 23:57:27.568 - sdk-generator - INFO  --- [main] o.springframework.cloud.context.scope.GenericScope - BeanFactory id=994d7b6e-ae48-30ed-a5b8-3e8ac8bc426a
2022-05-24 23:57:27.799 - sdk-generator - INFO  --- [main] o.s.boot.web.embedded.tomcat.TomcatWebServer - Tomcat initialized with port(s): 48123 (http)
2022-05-24 23:57:27.805 - sdk-generator - INFO  --- [main] org.apache.catalina.core.StandardService - Starting service [Tomcat]
2022-05-24 23:57:27.805 - sdk-generator - INFO  --- [main] org.apache.catalina.core.StandardEngine - Starting Servlet engine: [Apache Tomcat/9.0.56]
2022-05-24 23:57:27.880 - sdk-generator - INFO  --- [main] o.a.c.core.ContainerBase.[Tomcat].[localhost].[/] - Initializing Spring embedded WebApplicationContext
2022-05-24 23:57:27.880 - sdk-generator - INFO  --- [main] o.s.b.w.s.c.ServletWebServerApplicationContext - Root WebApplicationContext: initialization completed in 1036 ms
2022-05-24 23:57:29.850 - sdk-generator - INFO  --- [main] org.springframework.cloud.commons.util.InetUtils - Cannot determine local hostname
2022-05-24 23:57:30.280 - sdk-generator - INFO  --- [main] s.d.s.w.PropertySourcedRequestMappingHandlerMapping - Mapped URL path [/v2/api-docs] onto method [springfox.documentation.swagger2.web.Swagger2Controller#getDocumentation(String, HttpServletRequest)]
2022-05-24 23:57:30.286 - sdk-generator - INFO  --- [main] c.saidake.common.swagger2.SwaggerAutoConfiguration - sdk.swagger.enabled start check
2022-05-24 23:57:31.978 - sdk-generator - INFO  --- [main] org.springframework.cloud.commons.util.InetUtils - Cannot determine local hostname
2022-05-24 23:57:32.001 - sdk-generator - WARN  --- [main] o.s.c.l.c.LoadBalancerCacheAutoConfiguration$LoadBalancerCaffeineWarnLogger - Spring Cloud LoadBalancer is currently working with the default cache. You can switch to using Caffeine cache, by adding it and org.springframework.cache.caffeine.CaffeineCacheManager to the classpath.
2022-05-24 23:57:32.171 - sdk-generator - INFO  --- [main] o.s.boot.web.embedded.tomcat.TomcatWebServer - Tomcat started on port(s): 48123 (http) with context path ''
2022-05-24 23:57:32.178 - sdk-generator - INFO  --- [main] c.a.cloud.nacos.registry.NacosServiceRegistry - nacos registry, DEFAULT_GROUP sdk-generator 192.168.22.1:48123 register finished
2022-05-24 23:57:33.593 - sdk-generator - INFO  --- [main] org.springframework.cloud.commons.util.InetUtils - Cannot determine local hostname
2022-05-24 23:57:33.593 - sdk-generator - INFO  --- [main] s.d.s.web.plugins.DocumentationPluginsBootstrapper - Context refreshed
2022-05-24 23:57:33.609 - sdk-generator - INFO  --- [main] s.d.s.web.plugins.DocumentationPluginsBootstrapper - Found 1 custom documentation plugin(s)
2022-05-24 23:57:33.633 - sdk-generator - INFO  --- [main] s.d.spring.web.scanners.ApiListingReferenceScanner - Scanning for api listing references
2022-05-24 23:57:33.699 - sdk-generator - INFO  --- [main] com.saidake.generator.GeneratorApp - Started GeneratorApp in 10.468 seconds (JVM running for 11.304)
2022-05-24 23:58:58.964 - sdk-generator - INFO  --- [main] com.saidake.generator.GeneratorApp - The following profiles are active: bluetooth-app
2022-05-24 23:58:59.533 - sdk-generator - INFO  --- [main] o.s.d.r.config.RepositoryConfigurationDelegate - Multiple Spring Data modules found, entering strict repository configuration mode!
2022-05-24 23:58:59.535 - sdk-generator - INFO  --- [main] o.s.d.r.config.RepositoryConfigurationDelegate - Bootstrapping Spring Data Redis repositories in DEFAULT mode.
2022-05-24 23:58:59.553 - sdk-generator - INFO  --- [main] o.s.d.r.config.RepositoryConfigurationDelegate - Finished Spring Data repository scanning in 7 ms. Found 0 Redis repository interfaces.
2022-05-24 23:58:59.719 - sdk-generator - INFO  --- [main] o.springframework.cloud.context.scope.GenericScope - BeanFactory id=994d7b6e-ae48-30ed-a5b8-3e8ac8bc426a
2022-05-24 23:58:59.946 - sdk-generator - INFO  --- [main] o.s.boot.web.embedded.tomcat.TomcatWebServer - Tomcat initialized with port(s): 48123 (http)
2022-05-24 23:58:59.953 - sdk-generator - INFO  --- [main] org.apache.catalina.core.StandardService - Starting service [Tomcat]
2022-05-24 23:58:59.953 - sdk-generator - INFO  --- [main] org.apache.catalina.core.StandardEngine - Starting Servlet engine: [Apache Tomcat/9.0.56]
2022-05-24 23:59:00.031 - sdk-generator - INFO  --- [main] o.a.c.core.ContainerBase.[Tomcat].[localhost].[/] - Initializing Spring embedded WebApplicationContext
2022-05-24 23:59:00.031 - sdk-generator - INFO  --- [main] o.s.b.w.s.c.ServletWebServerApplicationContext - Root WebApplicationContext: initialization completed in 1052 ms
2022-05-24 23:59:02.002 - sdk-generator - INFO  --- [main] org.springframework.cloud.commons.util.InetUtils - Cannot determine local hostname
2022-05-24 23:59:02.453 - sdk-generator - INFO  --- [main] s.d.s.w.PropertySourcedRequestMappingHandlerMapping - Mapped URL path [/v2/api-docs] onto method [springfox.documentation.swagger2.web.Swagger2Controller#getDocumentation(String, HttpServletRequest)]
2022-05-24 23:59:02.459 - sdk-generator - INFO  --- [main] c.saidake.common.swagger2.SwaggerAutoConfiguration - sdk.swagger.enabled start check
2022-05-24 23:59:03.136 - sdk-generator - INFO  --- [main] org.springframework.cloud.commons.util.InetUtils - Cannot determine local hostname
2022-05-24 23:59:03.159 - sdk-generator - WARN  --- [main] o.s.c.l.c.LoadBalancerCacheAutoConfiguration$LoadBalancerCaffeineWarnLogger - Spring Cloud LoadBalancer is currently working with the default cache. You can switch to using Caffeine cache, by adding it and org.springframework.cache.caffeine.CaffeineCacheManager to the classpath.
2022-05-24 23:59:03.315 - sdk-generator - INFO  --- [main] o.s.boot.web.embedded.tomcat.TomcatWebServer - Tomcat started on port(s): 48123 (http) with context path ''
2022-05-24 23:59:03.324 - sdk-generator - INFO  --- [main] c.a.cloud.nacos.registry.NacosServiceRegistry - nacos registry, DEFAULT_GROUP sdk-generator 192.168.22.1:48123 register finished
2022-05-24 23:59:04.732 - sdk-generator - INFO  --- [main] org.springframework.cloud.commons.util.InetUtils - Cannot determine local hostname
2022-05-24 23:59:04.732 - sdk-generator - INFO  --- [main] s.d.s.web.plugins.DocumentationPluginsBootstrapper - Context refreshed
2022-05-24 23:59:04.747 - sdk-generator - INFO  --- [main] s.d.s.web.plugins.DocumentationPluginsBootstrapper - Found 1 custom documentation plugin(s)
2022-05-24 23:59:04.771 - sdk-generator - INFO  --- [main] s.d.spring.web.scanners.ApiListingReferenceScanner - Scanning for api listing references
2022-05-24 23:59:04.837 - sdk-generator - INFO  --- [main] com.saidake.generator.GeneratorApp - Started GeneratorApp in 10.499 seconds (JVM running for 11.271)
